<?xml version="1.0" encoding="UTF-8"?>
<!-- Generated by org.testng.reporters.JUnitReportReporter -->
<testsuite skipped="0" hostname="sramakro" name="com.Jenkins.sample.com.Jenkins.sample.LuanchApplication" tests="1" failures="0" timestamp="04 Jan 2019 05:09:19 GMT" time="0.008" errors="0">
  <testcase name="f" time="0.008" classname="com.Jenkins.sample.com.Jenkins.sample.LuanchApplication"/>
</testsuite> <!-- com.Jenkins.sample.com.Jenkins.sample.LuanchApplication -->
